Created by PLY version 3.11 (http://www.dabeaz.com/ply)

Grammar

Rule 0     S' -> root
Rule 1     root -> config
Rule 2     root -> root config
Rule 3     config -> CONFIG SYM EOL TYPE EOL properities
Rule 4     properities -> properity
Rule 5     properities -> properities properity
Rule 6     properity -> DEFAULT VALUE EOL

Terminals, with rules where they appear

CONFIG               : 3
DEFAULT              : 6
EOL                  : 3 3 6
SYM                  : 3
TYPE                 : 3
VALUE                : 6
error                : 

Nonterminals, with rules where they appear

config               : 1 2
properities          : 3 5
properity            : 4 5
root                 : 2 0

Parsing method: LALR

state 0

    (0) S' -> . root
    (1) root -> . config
    (2) root -> . root config
    (3) config -> . CONFIG SYM EOL TYPE EOL properities

    CONFIG          shift and go to state 3

    root                           shift and go to state 1
    config                         shift and go to state 2

state 1

    (0) S' -> root .
    (2) root -> root . config
    (3) config -> . CONFIG SYM EOL TYPE EOL properities

    CONFIG          shift and go to state 3

    config                         shift and go to state 4

state 2

    (1) root -> config .

    CONFIG          reduce using rule 1 (root -> config .)
    $end            reduce using rule 1 (root -> config .)


state 3

    (3) config -> CONFIG . SYM EOL TYPE EOL properities

    SYM             shift and go to state 5


state 4

    (2) root -> root config .

    CONFIG          reduce using rule 2 (root -> root config .)
    $end            reduce using rule 2 (root -> root config .)


state 5

    (3) config -> CONFIG SYM . EOL TYPE EOL properities

    EOL             shift and go to state 6


state 6

    (3) config -> CONFIG SYM EOL . TYPE EOL properities

    TYPE            shift and go to state 7


state 7

    (3) config -> CONFIG SYM EOL TYPE . EOL properities

    EOL             shift and go to state 8


state 8

    (3) config -> CONFIG SYM EOL TYPE EOL . properities
    (4) properities -> . properity
    (5) properities -> . properities properity
    (6) properity -> . DEFAULT VALUE EOL

    DEFAULT         shift and go to state 11

    properities                    shift and go to state 9
    properity                      shift and go to state 10

state 9

    (3) config -> CONFIG SYM EOL TYPE EOL properities .
    (5) properities -> properities . properity
    (6) properity -> . DEFAULT VALUE EOL

    CONFIG          reduce using rule 3 (config -> CONFIG SYM EOL TYPE EOL properities .)
    $end            reduce using rule 3 (config -> CONFIG SYM EOL TYPE EOL properities .)
    DEFAULT         shift and go to state 11

    properity                      shift and go to state 12

state 10

    (4) properities -> properity .

    DEFAULT         reduce using rule 4 (properities -> properity .)
    CONFIG          reduce using rule 4 (properities -> properity .)
    $end            reduce using rule 4 (properities -> properity .)


state 11

    (6) properity -> DEFAULT . VALUE EOL

    VALUE           shift and go to state 13


state 12

    (5) properities -> properities properity .

    DEFAULT         reduce using rule 5 (properities -> properities properity .)
    CONFIG          reduce using rule 5 (properities -> properities properity .)
    $end            reduce using rule 5 (properities -> properities properity .)


state 13

    (6) properity -> DEFAULT VALUE . EOL

    EOL             shift and go to state 14


state 14

    (6) properity -> DEFAULT VALUE EOL .

    DEFAULT         reduce using rule 6 (properity -> DEFAULT VALUE EOL .)
    CONFIG          reduce using rule 6 (properity -> DEFAULT VALUE EOL .)
    $end            reduce using rule 6 (properity -> DEFAULT VALUE EOL .)

